[2020-02-04 06:00:08] production.ERROR: PDOException: SQLSTATE[42S02]: Base table or view not found: 1146 Table 'librenms.config' doesn't exist in /opt/librenms/vendor/doctrine/dbal/lib/Doctrine/DBAL/Driver/PDOConnection.php:61
Stack trace:
#0 /opt/librenms/vendor/doctrine/dbal/lib/Doctrine/DBAL/Driver/PDOConnection.php(61): PDO->prepare('select * from `...', Array)
#1 /opt/librenms/vendor/laravel/framework/src/Illuminate/Database/Connection.php(326): Doctrine\DBAL\Driver\PDOConnection->prepare('select * from `...')
#2 /opt/librenms/vendor/laravel/framework/src/Illuminate/Database/Connection.php(657): Illuminate\Database\Connection->Illuminate\Database\{closure}('select * from `...', Array)
#3 /opt/librenms/vendor/laravel/framework/src/Illuminate/Database/Connection.php(624): Illuminate\Database\Connection->runQueryCallback('select * from `...', Array, Object(Closure))
#4 /opt/librenms/vendor/laravel/framework/src/Illuminate/Database/Connection.php(333): Illuminate\Database\Connection->run('select * from `...', Array, Object(Closure))
#5 /opt/librenms/vendor/laravel/framework/src/Illuminate/Database/Query/Builder.php(2130): Illuminate\Database\Connection->select('select * from `...', Array, true)
#6 /opt/librenms/vendor/laravel/framework/src/Illuminate/Database/Query/Builder.php(2118): Illuminate\Database\Query\Builder->runSelect()
#7 /opt/librenms/vendor/laravel/framework/src/Illuminate/Database/Query/Builder.php(2604): Illuminate\Database\Query\Builder->Illuminate\Database\Query\{closure}()
#8 /opt/librenms/vendor/laravel/framework/src/Illuminate/Database/Query/Builder.php(2119): Illuminate\Database\Query\Builder->onceWithColumns(Array, Object(Closure))
#9 /opt/librenms/vendor/laravel/framework/src/Illuminate/Database/Eloquent/Builder.php(521): Illuminate\Database\Query\Builder->get(Array)
#10 /opt/librenms/vendor/laravel/framework/src/Illuminate/Database/Eloquent/Builder.php(505): Illuminate\Database\Eloquent\Builder->getModels(Array)
#11 /opt/librenms/vendor/laravel/framework/src/Illuminate/Database/Concerns/BuildsQueries.php(77): Illuminate\Database\Eloquent\Builder->get(Array)
#12 /opt/librenms/vendor/laravel/framework/src/Illuminate/Database/Eloquent/Builder.php(401): Illuminate\Database\Eloquent\Builder->first()
#13 /opt/librenms/vendor/laravel/framework/src/Illuminate/Database/Eloquent/Builder.php(435): Illuminate\Database\Eloquent\Builder->firstOrNew(Array)
#14 /opt/librenms/vendor/laravel/framework/src/Illuminate/Support/Traits/ForwardsCalls.php(23): Illuminate\Database\Eloquent\Builder->updateOrCreate(Array, Array)
#15 /opt/librenms/vendor/laravel/framework/src/Illuminate/Database/Eloquent/Model.php(1618): Illuminate\Database\Eloquent\Model->forwardCallTo(Object(Illuminate\Database\Eloquent\Builder), 'updateOrCreate', Array)
#16 /opt/librenms/vendor/laravel/framework/src/Illuminate/Database/Eloquent/Model.php(1630): Illuminate\Database\Eloquent\Model->__call('updateOrCreate', Array)
#17 /opt/librenms/LibreNMS/Config.php(253): Illuminate\Database\Eloquent\Model::__callStatic('updateOrCreate', Array)
#18 /opt/librenms/LibreNMS/Config.php(447): LibreNMS\Config::persist('snmpgetnext', '/usr/bin/snmpge...')
#19 /opt/librenms/LibreNMS/Config.php(57): LibreNMS\Config::processConfig()
#20 [internal function]: LibreNMS\Config::load(Object(App\Application))
#21 /opt/librenms/vendor/laravel/framework/src/Illuminate/Foundation/Application.php(866): call_user_func('\\LibreNMS\\Confi...', Object(App\Application))
#22 /opt/librenms/vendor/laravel/framework/src/Illuminate/Foundation/Application.php(815): Illuminate\Foundation\Application->fireAppCallbacks(Array)
#23 /opt/librenms/vendor/laravel/framework/src/Illuminate/Foundation/Bootstrap/BootProviders.php(17): Illuminate\Foundation\Application->boot()
#24 /opt/librenms/vendor/laravel/framework/src/Illuminate/Foundation/Application.php(210): Illuminate\Foundation\Bootstrap\BootProviders->bootstrap(Object(App\Application))
#25 /opt/librenms/vendor/laravel/framework/src/Illuminate/Foundation/Console/Kernel.php(322): Illuminate\Foundation\Application->bootstrapWith(Array)
#26 /opt/librenms/LibreNMS/Util/Laravel.php(46): Illuminate\Foundation\Console\Kernel->bootstrap()
#27 /opt/librenms/includes/init.php(96): LibreNMS\Util\Laravel::bootCli()
#28 /opt/librenms/build-base.php(47): require('/opt/librenms/i...')
#29 {main}

Next Doctrine\DBAL\Driver\PDOException: SQLSTATE[42S02]: Base table or view not found: 1146 Table 'librenms.config' doesn't exist in /opt/librenms/vendor/doctrine/dbal/lib/Doctrine/DBAL/Driver/PDOConnection.php:63
Stack trace:
#0 /opt/librenms/vendor/laravel/framework/src/Illuminate/Database/Connection.php(326): Doctrine\DBAL\Driver\PDOConnection->prepare('select * from `...')
#1 /opt/librenms/vendor/laravel/framework/src/Illuminate/Database/Connection.php(657): Illuminate\Database\Connection->Illuminate\Database\{closure}('select * from `...', Array)
#2 /opt/librenms/vendor/laravel/framework/src/Illuminate/Database/Connection.php(624): Illuminate\Database\Connection->runQueryCallback('select * from `...', Array, Object(Closure))
#3 /opt/librenms/vendor/laravel/framework/src/Illuminate/Database/Connection.php(333): Illuminate\Database\Connection->run('select * from `...', Array, Object(Closure))
#4 /opt/librenms/vendor/laravel/framework/src/Illuminate/Database/Query/Builder.php(2130): Illuminate\Database\Connection->select('select * from `...', Array, true)
#5 /opt/librenms/vendor/laravel/framework/src/Illuminate/Database/Query/Builder.php(2118): Illuminate\Database\Query\Builder->runSelect()
#6 /opt/librenms/vendor/laravel/framework/src/Illuminate/Database/Query/Builder.php(2604): Illuminate\Database\Query\Builder->Illuminate\Database\Query\{closure}()
#7 /opt/librenms/vendor/laravel/framework/src/Illuminate/Database/Query/Builder.php(2119): Illuminate\Database\Query\Builder->onceWithColumns(Array, Object(Closure))
#8 /opt/librenms/vendor/laravel/framework/src/Illuminate/Database/Eloquent/Builder.php(521): Illuminate\Database\Query\Builder->get(Array)
#9 /opt/librenms/vendor/laravel/framework/src/Illuminate/Database/Eloquent/Builder.php(505): Illuminate\Database\Eloquent\Builder->getModels(Array)
#10 /opt/librenms/vendor/laravel/framework/src/Illuminate/Database/Concerns/BuildsQueries.php(77): Illuminate\Database\Eloquent\Builder->get(Array)
#11 /opt/librenms/vendor/laravel/framework/src/Illuminate/Database/Eloquent/Builder.php(401): Illuminate\Database\Eloquent\Builder->first()
#12 /opt/librenms/vendor/laravel/framework/src/Illuminate/Database/Eloquent/Builder.php(435): Illuminate\Database\Eloquent\Builder->firstOrNew(Array)
#13 /opt/librenms/vendor/laravel/framework/src/Illuminate/Support/Traits/ForwardsCalls.php(23): Illuminate\Database\Eloquent\Builder->updateOrCreate(Array, Array)
#14 /opt/librenms/vendor/laravel/framework/src/Illuminate/Database/Eloquent/Model.php(1618): Illuminate\Database\Eloquent\Model->forwardCallTo(Object(Illuminate\Database\Eloquent\Builder), 'updateOrCreate', Array)
#15 /opt/librenms/vendor/laravel/framework/src/Illuminate/Database/Eloquent/Model.php(1630): Illuminate\Database\Eloquent\Model->__call('updateOrCreate', Array)
#16 /opt/librenms/LibreNMS/Config.php(253): Illuminate\Database\Eloquent\Model::__callStatic('updateOrCreate', Array)
#17 /opt/librenms/LibreNMS/Config.php(447): LibreNMS\Config::persist('snmpgetnext', '/usr/bin/snmpge...')
#18 /opt/librenms/LibreNMS/Config.php(57): LibreNMS\Config::processConfig()
#19 [internal function]: LibreNMS\Config::load(Object(App\Application))
#20 /opt/librenms/vendor/laravel/framework/src/Illuminate/Foundation/Application.php(866): call_user_func('\\LibreNMS\\Confi...', Object(App\Application))
#21 /opt/librenms/vendor/laravel/framework/src/Illuminate/Foundation/Application.php(815): Illuminate\Foundation\Application->fireAppCallbacks(Array)
#22 /opt/librenms/vendor/laravel/framework/src/Illuminate/Foundation/Bootstrap/BootProviders.php(17): Illuminate\Foundation\Application->boot()
#23 /opt/librenms/vendor/laravel/framework/src/Illuminate/Foundation/Application.php(210): Illuminate\Foundation\Bootstrap\BootProviders->bootstrap(Object(App\Application))
#24 /opt/librenms/vendor/laravel/framework/src/Illuminate/Foundation/Console/Kernel.php(322): Illuminate\Foundation\Application->bootstrapWith(Array)
#25 /opt/librenms/LibreNMS/Util/Laravel.php(46): Illuminate\Foundation\Console\Kernel->bootstrap()
#26 /opt/librenms/includes/init.php(96): LibreNMS\Util\Laravel::bootCli()
#27 /opt/librenms/build-base.php(47): require('/opt/librenms/i...')
#28 {main}

Next Illuminate\Database\QueryException: SQLSTATE[42S02]: Base table or view not found: 1146 Table 'librenms.config' doesn't exist (SQL: select * from `config` where (`config_name` = snmpgetnext) limit 1) in /opt/librenms/vendor/laravel/framework/src/Illuminate/Database/Connection.php:664
Stack trace:
#0 /opt/librenms/vendor/laravel/framework/src/Illuminate/Database/Connection.php(624): Illuminate\Database\Connection->runQueryCallback('select * from `...', Array, Object(Closure))
#1 /opt/librenms/vendor/laravel/framework/src/Illuminate/Database/Connection.php(333): Illuminate\Database\Connection->run('select * from `...', Array, Object(Closure))
#2 /opt/librenms/vendor/laravel/framework/src/Illuminate/Database/Query/Builder.php(2130): Illuminate\Database\Connection->select('select * from `...', Array, true)
#3 /opt/librenms/vendor/laravel/framework/src/Illuminate/Database/Query/Builder.php(2118): Illuminate\Database\Query\Builder->runSelect()
#4 /opt/librenms/vendor/laravel/framework/src/Illuminate/Database/Query/Builder.php(2604): Illuminate\Database\Query\Builder->Illuminate\Database\Query\{closure}()
#5 /opt/librenms/vendor/laravel/framework/src/Illuminate/Database/Query/Builder.php(2119): Illuminate\Database\Query\Builder->onceWithColumns(Array, Object(Closure))
#6 /opt/librenms/vendor/laravel/framework/src/Illuminate/Database/Eloquent/Builder.php(521): Illuminate\Database\Query\Builder->get(Array)
#7 /opt/librenms/vendor/laravel/framework/src/Illuminate/Database/Eloquent/Builder.php(505): Illuminate\Database\Eloquent\Builder->getModels(Array)
#8 /opt/librenms/vendor/laravel/framework/src/Illuminate/Database/Concerns/BuildsQueries.php(77): Illuminate\Database\Eloquent\Builder->get(Array)
#9 /opt/librenms/vendor/laravel/framework/src/Illuminate/Database/Eloquent/Builder.php(401): Illuminate\Database\Eloquent\Builder->first()
#10 /opt/librenms/vendor/laravel/framework/src/Illuminate/Database/Eloquent/Builder.php(435): Illuminate\Database\Eloquent\Builder->firstOrNew(Array)
#11 /opt/librenms/vendor/laravel/framework/src/Illuminate/Support/Traits/ForwardsCalls.php(23): Illuminate\Database\Eloquent\Builder->updateOrCreate(Array, Array)
#12 /opt/librenms/vendor/laravel/framework/src/Illuminate/Database/Eloquent/Model.php(1618): Illuminate\Database\Eloquent\Model->forwardCallTo(Object(Illuminate\Database\Eloquent\Builder), 'updateOrCreate', Array)
#13 /opt/librenms/vendor/laravel/framework/src/Illuminate/Database/Eloquent/Model.php(1630): Illuminate\Database\Eloquent\Model->__call('updateOrCreate', Array)
#14 /opt/librenms/LibreNMS/Config.php(253): Illuminate\Database\Eloquent\Model::__callStatic('updateOrCreate', Array)
#15 /opt/librenms/LibreNMS/Config.php(447): LibreNMS\Config::persist('snmpgetnext', '/usr/bin/snmpge...')
#16 /opt/librenms/LibreNMS/Config.php(57): LibreNMS\Config::processConfig()
#17 [internal function]: LibreNMS\Config::load(Object(App\Application))
#18 /opt/librenms/vendor/laravel/framework/src/Illuminate/Foundation/Application.php(866): call_user_func('\\LibreNMS\\Confi...', Object(App\Application))
#19 /opt/librenms/vendor/laravel/framework/src/Illuminate/Foundation/Application.php(815): Illuminate\Foundation\Application->fireAppCallbacks(Array)
#20 /opt/librenms/vendor/laravel/framework/src/Illuminate/Foundation/Bootstrap/BootProviders.php(17): Illuminate\Foundation\Application->boot()
#21 /opt/librenms/vendor/laravel/framework/src/Illuminate/Foundation/Application.php(210): Illuminate\Foundation\Bootstrap\BootProviders->bootstrap(Object(App\Application))
#22 /opt/librenms/vendor/laravel/framework/src/Illuminate/Foundation/Console/Kernel.php(322): Illuminate\Foundation\Application->bootstrapWith(Array)
#23 /opt/librenms/LibreNMS/Util/Laravel.php(46): Illuminate\Foundation\Console\Kernel->bootstrap()
#24 /opt/librenms/includes/init.php(96): LibreNMS\Util\Laravel::bootCli()
#25 /opt/librenms/build-base.php(47): require('/opt/librenms/i...')
#26 {main}  
[2020-02-04 06:00:08] production.ERROR: PDOException: SQLSTATE[42S02]: Base table or view not found: 1146 Table 'librenms.config' doesn't exist in /opt/librenms/vendor/doctrine/dbal/lib/Doctrine/DBAL/Driver/PDOConnection.php:61
Stack trace:
#0 /opt/librenms/vendor/doctrine/dbal/lib/Doctrine/DBAL/Driver/PDOConnection.php(61): PDO->prepare('select * from `...', Array)
#1 /opt/librenms/vendor/laravel/framework/src/Illuminate/Database/Connection.php(326): Doctrine\DBAL\Driver\PDOConnection->prepare('select * from `...')
#2 /opt/librenms/vendor/laravel/framework/src/Illuminate/Database/Connection.php(657): Illuminate\Database\Connection->Illuminate\Database\{closure}('select * from `...', Array)
#3 /opt/librenms/vendor/laravel/framework/src/Illuminate/Database/Connection.php(624): Illuminate\Database\Connection->runQueryCallback('select * from `...', Array, Object(Closure))
#4 /opt/librenms/vendor/laravel/framework/src/Illuminate/Database/Connection.php(333): Illuminate\Database\Connection->run('select * from `...', Array, Object(Closure))
#5 /opt/librenms/vendor/laravel/framework/src/Illuminate/Database/Query/Builder.php(2130): Illuminate\Database\Connection->select('select * from `...', Array, true)
#6 /opt/librenms/vendor/laravel/framework/src/Illuminate/Database/Query/Builder.php(2118): Illuminate\Database\Query\Builder->runSelect()
#7 /opt/librenms/vendor/laravel/framework/src/Illuminate/Database/Query/Builder.php(2604): Illuminate\Database\Query\Builder->Illuminate\Database\Query\{closure}()
#8 /opt/librenms/vendor/laravel/framework/src/Illuminate/Database/Query/Builder.php(2119): Illuminate\Database\Query\Builder->onceWithColumns(Array, Object(Closure))
#9 /opt/librenms/vendor/laravel/framework/src/Illuminate/Database/Eloquent/Builder.php(521): Illuminate\Database\Query\Builder->get(Array)
#10 /opt/librenms/vendor/laravel/framework/src/Illuminate/Database/Eloquent/Builder.php(505): Illuminate\Database\Eloquent\Builder->getModels(Array)
#11 /opt/librenms/vendor/laravel/framework/src/Illuminate/Database/Concerns/BuildsQueries.php(77): Illuminate\Database\Eloquent\Builder->get(Array)
#12 /opt/librenms/vendor/laravel/framework/src/Illuminate/Database/Eloquent/Builder.php(401): Illuminate\Database\Eloquent\Builder->first()
#13 /opt/librenms/vendor/laravel/framework/src/Illuminate/Database/Eloquent/Builder.php(435): Illuminate\Database\Eloquent\Builder->firstOrNew(Array)
#14 /opt/librenms/vendor/laravel/framework/src/Illuminate/Support/Traits/ForwardsCalls.php(23): Illuminate\Database\Eloquent\Builder->updateOrCreate(Array, Array)
#15 /opt/librenms/vendor/laravel/framework/src/Illuminate/Database/Eloquent/Model.php(1618): Illuminate\Database\Eloquent\Model->forwardCallTo(Object(Illuminate\Database\Eloquent\Builder), 'updateOrCreate', Array)
#16 /opt/librenms/vendor/laravel/framework/src/Illuminate/Database/Eloquent/Model.php(1630): Illuminate\Database\Eloquent\Model->__call('updateOrCreate', Array)
#17 /opt/librenms/LibreNMS/Config.php(253): Illuminate\Database\Eloquent\Model::__callStatic('updateOrCreate', Array)
#18 /opt/librenms/LibreNMS/Config.php(447): LibreNMS\Config::persist('rrdtool', '/usr/bin/rrdtoo...')
#19 /opt/librenms/LibreNMS/Config.php(57): LibreNMS\Config::processConfig()
#20 [internal function]: LibreNMS\Config::load(Object(App\Application))
#21 /opt/librenms/vendor/laravel/framework/src/Illuminate/Foundation/Application.php(866): call_user_func('\\LibreNMS\\Confi...', Object(App\Application))
#22 /opt/librenms/vendor/laravel/framework/src/Illuminate/Foundation/Application.php(815): Illuminate\Foundation\Application->fireAppCallbacks(Array)
#23 /opt/librenms/vendor/laravel/framework/src/Illuminate/Foundation/Bootstrap/BootProviders.php(17): Illuminate\Foundation\Application->boot()
#24 /opt/librenms/vendor/laravel/framework/src/Illuminate/Foundation/Application.php(210): Illuminate\Foundation\Bootstrap\BootProviders->bootstrap(Object(App\Application))
#25 /opt/librenms/vendor/laravel/framework/src/Illuminate/Foundation/Console/Kernel.php(322): Illuminate\Foundation\Application->bootstrapWith(Array)
#26 /opt/librenms/LibreNMS/Util/Laravel.php(46): Illuminate\Foundation\Console\Kernel->bootstrap()
#27 /opt/librenms/includes/init.php(96): LibreNMS\Util\Laravel::bootCli()
#28 /opt/librenms/build-base.php(47): require('/opt/librenms/i...')
#29 {main}

Next Doctrine\DBAL\Driver\PDOException: SQLSTATE[42S02]: Base table or view not found: 1146 Table 'librenms.config' doesn't exist in /opt/librenms/vendor/doctrine/dbal/lib/Doctrine/DBAL/Driver/PDOConnection.php:63
Stack trace:
#0 /opt/librenms/vendor/laravel/framework/src/Illuminate/Database/Connection.php(326): Doctrine\DBAL\Driver\PDOConnection->prepare('select * from `...')
#1 /opt/librenms/vendor/laravel/framework/src/Illuminate/Database/Connection.php(657): Illuminate\Database\Connection->Illuminate\Database\{closure}('select * from `...', Array)
#2 /opt/librenms/vendor/laravel/framework/src/Illuminate/Database/Connection.php(624): Illuminate\Database\Connection->runQueryCallback('select * from `...', Array, Object(Closure))
#3 /opt/librenms/vendor/laravel/framework/src/Illuminate/Database/Connection.php(333): Illuminate\Database\Connection->run('select * from `...', Array, Object(Closure))
#4 /opt/librenms/vendor/laravel/framework/src/Illuminate/Database/Query/Builder.php(2130): Illuminate\Database\Connection->select('select * from `...', Array, true)
#5 /opt/librenms/vendor/laravel/framework/src/Illuminate/Database/Query/Builder.php(2118): Illuminate\Database\Query\Builder->runSelect()
#6 /opt/librenms/vendor/laravel/framework/src/Illuminate/Database/Query/Builder.php(2604): Illuminate\Database\Query\Builder->Illuminate\Database\Query\{closure}()
#7 /opt/librenms/vendor/laravel/framework/src/Illuminate/Database/Query/Builder.php(2119): Illuminate\Database\Query\Builder->onceWithColumns(Array, Object(Closure))
#8 /opt/librenms/vendor/laravel/framework/src/Illuminate/Database/Eloquent/Builder.php(521): Illuminate\Database\Query\Builder->get(Array)
#9 /opt/librenms/vendor/laravel/framework/src/Illuminate/Database/Eloquent/Builder.php(505): Illuminate\Database\Eloquent\Builder->getModels(Array)
#10 /opt/librenms/vendor/laravel/framework/src/Illuminate/Database/Concerns/BuildsQueries.php(77): Illuminate\Database\Eloquent\Builder->get(Array)
#11 /opt/librenms/vendor/laravel/framework/src/Illuminate/Database/Eloquent/Builder.php(401): Illuminate\Database\Eloquent\Builder->first()
#12 /opt/librenms/vendor/laravel/framework/src/Illuminate/Database/Eloquent/Builder.php(435): Illuminate\Database\Eloquent\Builder->firstOrNew(Array)
#13 /opt/librenms/vendor/laravel/framework/src/Illuminate/Support/Traits/ForwardsCalls.php(23): Illuminate\Database\Eloquent\Builder->updateOrCreate(Array, Array)
#14 /opt/librenms/vendor/laravel/framework/src/Illuminate/Database/Eloquent/Model.php(1618): Illuminate\Database\Eloquent\Model->forwardCallTo(Object(Illuminate\Database\Eloquent\Builder), 'updateOrCreate', Array)
#15 /opt/librenms/vendor/laravel/framework/src/Illuminate/Database/Eloquent/Model.php(1630): Illuminate\Database\Eloquent\Model->__call('updateOrCreate', Array)
#16 /opt/librenms/LibreNMS/Config.php(253): Illuminate\Database\Eloquent\Model::__callStatic('updateOrCreate', Array)
#17 /opt/librenms/LibreNMS/Config.php(447): LibreNMS\Config::persist('rrdtool', '/usr/bin/rrdtoo...')
#18 /opt/librenms/LibreNMS/Config.php(57): LibreNMS\Config::processConfig()
#19 [internal function]: LibreNMS\Config::load(Object(App\Application))
#20 /opt/librenms/vendor/laravel/framework/src/Illuminate/Foundation/Application.php(866): call_user_func('\\LibreNMS\\Confi...', Object(App\Application))
#21 /opt/librenms/vendor/laravel/framework/src/Illuminate/Foundation/Application.php(815): Illuminate\Foundation\Application->fireAppCallbacks(Array)
#22 /opt/librenms/vendor/laravel/framework/src/Illuminate/Foundation/Bootstrap/BootProviders.php(17): Illuminate\Foundation\Application->boot()
#23 /opt/librenms/vendor/laravel/framework/src/Illuminate/Foundation/Application.php(210): Illuminate\Foundation\Bootstrap\BootProviders->bootstrap(Object(App\Application))
#24 /opt/librenms/vendor/laravel/framework/src/Illuminate/Foundation/Console/Kernel.php(322): Illuminate\Foundation\Application->bootstrapWith(Array)
#25 /opt/librenms/LibreNMS/Util/Laravel.php(46): Illuminate\Foundation\Console\Kernel->bootstrap()
#26 /opt/librenms/includes/init.php(96): LibreNMS\Util\Laravel::bootCli()
#27 /opt/librenms/build-base.php(47): require('/opt/librenms/i...')
#28 {main}

Next Illuminate\Database\QueryException: SQLSTATE[42S02]: Base table or view not found: 1146 Table 'librenms.config' doesn't exist (SQL: select * from `config` where (`config_name` = rrdtool) limit 1) in /opt/librenms/vendor/laravel/framework/src/Illuminate/Database/Connection.php:664
Stack trace:
#0 /opt/librenms/vendor/laravel/framework/src/Illuminate/Database/Connection.php(624): Illuminate\Database\Connection->runQueryCallback('select * from `...', Array, Object(Closure))
#1 /opt/librenms/vendor/laravel/framework/src/Illuminate/Database/Connection.php(333): Illuminate\Database\Connection->run('select * from `...', Array, Object(Closure))
#2 /opt/librenms/vendor/laravel/framework/src/Illuminate/Database/Query/Builder.php(2130): Illuminate\Database\Connection->select('select * from `...', Array, true)
#3 /opt/librenms/vendor/laravel/framework/src/Illuminate/Database/Query/Builder.php(2118): Illuminate\Database\Query\Builder->runSelect()
#4 /opt/librenms/vendor/laravel/framework/src/Illuminate/Database/Query/Builder.php(2604): Illuminate\Database\Query\Builder->Illuminate\Database\Query\{closure}()
#5 /opt/librenms/vendor/laravel/framework/src/Illuminate/Database/Query/Builder.php(2119): Illuminate\Database\Query\Builder->onceWithColumns(Array, Object(Closure))
#6 /opt/librenms/vendor/laravel/framework/src/Illuminate/Database/Eloquent/Builder.php(521): Illuminate\Database\Query\Builder->get(Array)
#7 /opt/librenms/vendor/laravel/framework/src/Illuminate/Database/Eloquent/Builder.php(505): Illuminate\Database\Eloquent\Builder->getModels(Array)
#8 /opt/librenms/vendor/laravel/framework/src/Illuminate/Database/Concerns/BuildsQueries.php(77): Illuminate\Database\Eloquent\Builder->get(Array)
#9 /opt/librenms/vendor/laravel/framework/src/Illuminate/Database/Eloquent/Builder.php(401): Illuminate\Database\Eloquent\Builder->first()
#10 /opt/librenms/vendor/laravel/framework/src/Illuminate/Database/Eloquent/Builder.php(435): Illuminate\Database\Eloquent\Builder->firstOrNew(Array)
#11 /opt/librenms/vendor/laravel/framework/src/Illuminate/Support/Traits/ForwardsCalls.php(23): Illuminate\Database\Eloquent\Builder->updateOrCreate(Array, Array)
#12 /opt/librenms/vendor/laravel/framework/src/Illuminate/Database/Eloquent/Model.php(1618): Illuminate\Database\Eloquent\Model->forwardCallTo(Object(Illuminate\Database\Eloquent\Builder), 'updateOrCreate', Array)
#13 /opt/librenms/vendor/laravel/framework/src/Illuminate/Database/Eloquent/Model.php(1630): Illuminate\Database\Eloquent\Model->__call('updateOrCreate', Array)
#14 /opt/librenms/LibreNMS/Config.php(253): Illuminate\Database\Eloquent\Model::__callStatic('updateOrCreate', Array)
#15 /opt/librenms/LibreNMS/Config.php(447): LibreNMS\Config::persist('rrdtool', '/usr/bin/rrdtoo...')
#16 /opt/librenms/LibreNMS/Config.php(57): LibreNMS\Config::processConfig()
#17 [internal function]: LibreNMS\Config::load(Object(App\Application))
#18 /opt/librenms/vendor/laravel/framework/src/Illuminate/Foundation/Application.php(866): call_user_func('\\LibreNMS\\Confi...', Object(App\Application))
#19 /opt/librenms/vendor/laravel/framework/src/Illuminate/Foundation/Application.php(815): Illuminate\Foundation\Application->fireAppCallbacks(Array)
#20 /opt/librenms/vendor/laravel/framework/src/Illuminate/Foundation/Bootstrap/BootProviders.php(17): Illuminate\Foundation\Application->boot()
#21 /opt/librenms/vendor/laravel/framework/src/Illuminate/Foundation/Application.php(210): Illuminate\Foundation\Bootstrap\BootProviders->bootstrap(Object(App\Application))
#22 /opt/librenms/vendor/laravel/framework/src/Illuminate/Foundation/Console/Kernel.php(322): Illuminate\Foundation\Application->bootstrapWith(Array)
#23 /opt/librenms/LibreNMS/Util/Laravel.php(46): Illuminate\Foundation\Console\Kernel->bootstrap()
#24 /opt/librenms/includes/init.php(96): LibreNMS\Util\Laravel::bootCli()
#25 /opt/librenms/build-base.php(47): require('/opt/librenms/i...')
#26 {main}  
[2020-02-04 06:00:08] production.ERROR: PDOException: SQLSTATE[42S02]: Base table or view not found: 1146 Table 'librenms.config' doesn't exist in /opt/librenms/vendor/doctrine/dbal/lib/Doctrine/DBAL/Driver/PDOConnection.php:61
Stack trace:
#0 /opt/librenms/vendor/doctrine/dbal/lib/Doctrine/DBAL/Driver/PDOConnection.php(61): PDO->prepare('select * from `...', Array)
#1 /opt/librenms/vendor/laravel/framework/src/Illuminate/Database/Connection.php(326): Doctrine\DBAL\Driver\PDOConnection->prepare('select * from `...')
#2 /opt/librenms/vendor/laravel/framework/src/Illuminate/Database/Connection.php(657): Illuminate\Database\Connection->Illuminate\Database\{closure}('select * from `...', Array)
#3 /opt/librenms/vendor/laravel/framework/src/Illuminate/Database/Connection.php(624): Illuminate\Database\Connection->runQueryCallback('select * from `...', Array, Object(Closure))
#4 /opt/librenms/vendor/laravel/framework/src/Illuminate/Database/Connection.php(333): Illuminate\Database\Connection->run('select * from `...', Array, Object(Closure))
#5 /opt/librenms/vendor/laravel/framework/src/Illuminate/Database/Query/Builder.php(2130): Illuminate\Database\Connection->select('select * from `...', Array, true)
#6 /opt/librenms/vendor/laravel/framework/src/Illuminate/Database/Query/Builder.php(2118): Illuminate\Database\Query\Builder->runSelect()
#7 /opt/librenms/vendor/laravel/framework/src/Illuminate/Database/Query/Builder.php(2604): Illuminate\Database\Query\Builder->Illuminate\Database\Query\{closure}()
#8 /opt/librenms/vendor/laravel/framework/src/Illuminate/Database/Query/Builder.php(2119): Illuminate\Database\Query\Builder->onceWithColumns(Array, Object(Closure))
#9 /opt/librenms/vendor/laravel/framework/src/Illuminate/Database/Eloquent/Builder.php(521): Illuminate\Database\Query\Builder->get(Array)
#10 /opt/librenms/vendor/laravel/framework/src/Illuminate/Database/Eloquent/Builder.php(505): Illuminate\Database\Eloquent\Builder->getModels(Array)
#11 /opt/librenms/vendor/laravel/framework/src/Illuminate/Database/Concerns/BuildsQueries.php(77): Illuminate\Database\Eloquent\Builder->get(Array)
#12 /opt/librenms/vendor/laravel/framework/src/Illuminate/Database/Eloquent/Builder.php(401): Illuminate\Database\Eloquent\Builder->first()
#13 /opt/librenms/vendor/laravel/framework/src/Illuminate/Database/Eloquent/Builder.php(435): Illuminate\Database\Eloquent\Builder->firstOrNew(Array)
#14 /opt/librenms/vendor/laravel/framework/src/Illuminate/Support/Traits/ForwardsCalls.php(23): Illuminate\Database\Eloquent\Builder->updateOrCreate(Array, Array)
#15 /opt/librenms/vendor/laravel/framework/src/Illuminate/Database/Eloquent/Model.php(1618): Illuminate\Database\Eloquent\Model->forwardCallTo(Object(Illuminate\Database\Eloquent\Builder), 'updateOrCreate', Array)
#16 /opt/librenms/vendor/laravel/framework/src/Illuminate/Database/Eloquent/Model.php(1630): Illuminate\Database\Eloquent\Model->__call('updateOrCreate', Array)
#17 /opt/librenms/LibreNMS/Config.php(253): Illuminate\Database\Eloquent\Model::__callStatic('updateOrCreate', Array)
#18 /opt/librenms/LibreNMS/Config.php(447): LibreNMS\Config::persist('traceroute', '/usr/bin/tracer...')
#19 /opt/librenms/LibreNMS/Config.php(57): LibreNMS\Config::processConfig()
#20 [internal function]: LibreNMS\Config::load(Object(App\Application))
#21 /opt/librenms/vendor/laravel/framework/src/Illuminate/Foundation/Application.php(866): call_user_func('\\LibreNMS\\Confi...', Object(App\Application))
#22 /opt/librenms/vendor/laravel/framework/src/Illuminate/Foundation/Application.php(815): Illuminate\Foundation\Application->fireAppCallbacks(Array)
#23 /opt/librenms/vendor/laravel/framework/src/Illuminate/Foundation/Bootstrap/BootProviders.php(17): Illuminate\Foundation\Application->boot()
#24 /opt/librenms/vendor/laravel/framework/src/Illuminate/Foundation/Application.php(210): Illuminate\Foundation\Bootstrap\BootProviders->bootstrap(Object(App\Application))
#25 /opt/librenms/vendor/laravel/framework/src/Illuminate/Foundation/Console/Kernel.php(322): Illuminate\Foundation\Application->bootstrapWith(Array)
#26 /opt/librenms/LibreNMS/Util/Laravel.php(46): Illuminate\Foundation\Console\Kernel->bootstrap()
#27 /opt/librenms/includes/init.php(96): LibreNMS\Util\Laravel::bootCli()
#28 /opt/librenms/build-base.php(47): require('/opt/librenms/i...')
#29 {main}

Next Doctrine\DBAL\Driver\PDOException: SQLSTATE[42S02]: Base table or view not found: 1146 Table 'librenms.config' doesn't exist in /opt/librenms/vendor/doctrine/dbal/lib/Doctrine/DBAL/Driver/PDOConnection.php:63
Stack trace:
#0 /opt/librenms/vendor/laravel/framework/src/Illuminate/Database/Connection.php(326): Doctrine\DBAL\Driver\PDOConnection->prepare('select * from `...')
#1 /opt/librenms/vendor/laravel/framework/src/Illuminate/Database/Connection.php(657): Illuminate\Database\Connection->Illuminate\Database\{closure}('select * from `...', Array)
#2 /opt/librenms/vendor/laravel/framework/src/Illuminate/Database/Connection.php(624): Illuminate\Database\Connection->runQueryCallback('select * from `...', Array, Object(Closure))
#3 /opt/librenms/vendor/laravel/framework/src/Illuminate/Database/Connection.php(333): Illuminate\Database\Connection->run('select * from `...', Array, Object(Closure))
#4 /opt/librenms/vendor/laravel/framework/src/Illuminate/Database/Query/Builder.php(2130): Illuminate\Database\Connection->select('select * from `...', Array, true)
#5 /opt/librenms/vendor/laravel/framework/src/Illuminate/Database/Query/Builder.php(2118): Illuminate\Database\Query\Builder->runSelect()
#6 /opt/librenms/vendor/laravel/framework/src/Illuminate/Database/Query/Builder.php(2604): Illuminate\Database\Query\Builder->Illuminate\Database\Query\{closure}()
#7 /opt/librenms/vendor/laravel/framework/src/Illuminate/Database/Query/Builder.php(2119): Illuminate\Database\Query\Builder->onceWithColumns(Array, Object(Closure))
#8 /opt/librenms/vendor/laravel/framework/src/Illuminate/Database/Eloquent/Builder.php(521): Illuminate\Database\Query\Builder->get(Array)
#9 /opt/librenms/vendor/laravel/framework/src/Illuminate/Database/Eloquent/Builder.php(505): Illuminate\Database\Eloquent\Builder->getModels(Array)
#10 /opt/librenms/vendor/laravel/framework/src/Illuminate/Database/Concerns/BuildsQueries.php(77): Illuminate\Database\Eloquent\Builder->get(Array)
#11 /opt/librenms/vendor/laravel/framework/src/Illuminate/Database/Eloquent/Builder.php(401): Illuminate\Database\Eloquent\Builder->first()
#12 /opt/librenms/vendor/laravel/framework/src/Illuminate/Database/Eloquent/Builder.php(435): Illuminate\Database\Eloquent\Builder->firstOrNew(Array)
#13 /opt/librenms/vendor/laravel/framework/src/Illuminate/Support/Traits/ForwardsCalls.php(23): Illuminate\Database\Eloquent\Builder->updateOrCreate(Array, Array)
#14 /opt/librenms/vendor/laravel/framework/src/Illuminate/Database/Eloquent/Model.php(1618): Illuminate\Database\Eloquent\Model->forwardCallTo(Object(Illuminate\Database\Eloquent\Builder), 'updateOrCreate', Array)
#15 /opt/librenms/vendor/laravel/framework/src/Illuminate/Database/Eloquent/Model.php(1630): Illuminate\Database\Eloquent\Model->__call('updateOrCreate', Array)
#16 /opt/librenms/LibreNMS/Config.php(253): Illuminate\Database\Eloquent\Model::__callStatic('updateOrCreate', Array)
#17 /opt/librenms/LibreNMS/Config.php(447): LibreNMS\Config::persist('traceroute', '/usr/bin/tracer...')
#18 /opt/librenms/LibreNMS/Config.php(57): LibreNMS\Config::processConfig()
#19 [internal function]: LibreNMS\Config::load(Object(App\Application))
#20 /opt/librenms/vendor/laravel/framework/src/Illuminate/Foundation/Application.php(866): call_user_func('\\LibreNMS\\Confi...', Object(App\Application))
#21 /opt/librenms/vendor/laravel/framework/src/Illuminate/Foundation/Application.php(815): Illuminate\Foundation\Application->fireAppCallbacks(Array)
#22 /opt/librenms/vendor/laravel/framework/src/Illuminate/Foundation/Bootstrap/BootProviders.php(17): Illuminate\Foundation\Application->boot()
#23 /opt/librenms/vendor/laravel/framework/src/Illuminate/Foundation/Application.php(210): Illuminate\Foundation\Bootstrap\BootProviders->bootstrap(Object(App\Application))
#24 /opt/librenms/vendor/laravel/framework/src/Illuminate/Foundation/Console/Kernel.php(322): Illuminate\Foundation\Application->bootstrapWith(Array)
#25 /opt/librenms/LibreNMS/Util/Laravel.php(46): Illuminate\Foundation\Console\Kernel->bootstrap()
#26 /opt/librenms/includes/init.php(96): LibreNMS\Util\Laravel::bootCli()
#27 /opt/librenms/build-base.php(47): require('/opt/librenms/i...')
#28 {main}

Next Illuminate\Database\QueryException: SQLSTATE[42S02]: Base table or view not found: 1146 Table 'librenms.config' doesn't exist (SQL: select * from `config` where (`config_name` = traceroute) limit 1) in /opt/librenms/vendor/laravel/framework/src/Illuminate/Database/Connection.php:664
Stack trace:
#0 /opt/librenms/vendor/laravel/framework/src/Illuminate/Database/Connection.php(624): Illuminate\Database\Connection->runQueryCallback('select * from `...', Array, Object(Closure))
#1 /opt/librenms/vendor/laravel/framework/src/Illuminate/Database/Connection.php(333): Illuminate\Database\Connection->run('select * from `...', Array, Object(Closure))
#2 /opt/librenms/vendor/laravel/framework/src/Illuminate/Database/Query/Builder.php(2130): Illuminate\Database\Connection->select('select * from `...', Array, true)
#3 /opt/librenms/vendor/laravel/framework/src/Illuminate/Database/Query/Builder.php(2118): Illuminate\Database\Query\Builder->runSelect()
#4 /opt/librenms/vendor/laravel/framework/src/Illuminate/Database/Query/Builder.php(2604): Illuminate\Database\Query\Builder->Illuminate\Database\Query\{closure}()
#5 /opt/librenms/vendor/laravel/framework/src/Illuminate/Database/Query/Builder.php(2119): Illuminate\Database\Query\Builder->onceWithColumns(Array, Object(Closure))
#6 /opt/librenms/vendor/laravel/framework/src/Illuminate/Database/Eloquent/Builder.php(521): Illuminate\Database\Query\Builder->get(Array)
#7 /opt/librenms/vendor/laravel/framework/src/Illuminate/Database/Eloquent/Builder.php(505): Illuminate\Database\Eloquent\Builder->getModels(Array)
#8 /opt/librenms/vendor/laravel/framework/src/Illuminate/Database/Concerns/BuildsQueries.php(77): Illuminate\Database\Eloquent\Builder->get(Array)
#9 /opt/librenms/vendor/laravel/framework/src/Illuminate/Database/Eloquent/Builder.php(401): Illuminate\Database\Eloquent\Builder->first()
#10 /opt/librenms/vendor/laravel/framework/src/Illuminate/Database/Eloquent/Builder.php(435): Illuminate\Database\Eloquent\Builder->firstOrNew(Array)
#11 /opt/librenms/vendor/laravel/framework/src/Illuminate/Support/Traits/ForwardsCalls.php(23): Illuminate\Database\Eloquent\Builder->updateOrCreate(Array, Array)
#12 /opt/librenms/vendor/laravel/framework/src/Illuminate/Database/Eloquent/Model.php(1618): Illuminate\Database\Eloquent\Model->forwardCallTo(Object(Illuminate\Database\Eloquent\Builder), 'updateOrCreate', Array)
#13 /opt/librenms/vendor/laravel/framework/src/Illuminate/Database/Eloquent/Model.php(1630): Illuminate\Database\Eloquent\Model->__call('updateOrCreate', Array)
#14 /opt/librenms/LibreNMS/Config.php(253): Illuminate\Database\Eloquent\Model::__callStatic('updateOrCreate', Array)
#15 /opt/librenms/LibreNMS/Config.php(447): LibreNMS\Config::persist('traceroute', '/usr/bin/tracer...')
#16 /opt/librenms/LibreNMS/Config.php(57): LibreNMS\Config::processConfig()
#17 [internal function]: LibreNMS\Config::load(Object(App\Application))
#18 /opt/librenms/vendor/laravel/framework/src/Illuminate/Foundation/Application.php(866): call_user_func('\\LibreNMS\\Confi...', Object(App\Application))
#19 /opt/librenms/vendor/laravel/framework/src/Illuminate/Foundation/Application.php(815): Illuminate\Foundation\Application->fireAppCallbacks(Array)
#20 /opt/librenms/vendor/laravel/framework/src/Illuminate/Foundation/Bootstrap/BootProviders.php(17): Illuminate\Foundation\Application->boot()
#21 /opt/librenms/vendor/laravel/framework/src/Illuminate/Foundation/Application.php(210): Illuminate\Foundation\Bootstrap\BootProviders->bootstrap(Object(App\Application))
#22 /opt/librenms/vendor/laravel/framework/src/Illuminate/Foundation/Console/Kernel.php(322): Illuminate\Foundation\Application->bootstrapWith(Array)
#23 /opt/librenms/LibreNMS/Util/Laravel.php(46): Illuminate\Foundation\Console\Kernel->bootstrap()
#24 /opt/librenms/includes/init.php(96): LibreNMS\Util\Laravel::bootCli()
#25 /opt/librenms/build-base.php(47): require('/opt/librenms/i...')
#26 {main}  
[2020-02-04 06:00:08] production.ERROR: PDOException: SQLSTATE[42S02]: Base table or view not found: 1146 Table 'librenms.config' doesn't exist in /opt/librenms/vendor/doctrine/dbal/lib/Doctrine/DBAL/Driver/PDOConnection.php:61
Stack trace:
#0 /opt/librenms/vendor/doctrine/dbal/lib/Doctrine/DBAL/Driver/PDOConnection.php(61): PDO->prepare('select * from `...', Array)
#1 /opt/librenms/vendor/laravel/framework/src/Illuminate/Database/Connection.php(326): Doctrine\DBAL\Driver\PDOConnection->prepare('select * from `...')
#2 /opt/librenms/vendor/laravel/framework/src/Illuminate/Database/Connection.php(657): Illuminate\Database\Connection->Illuminate\Database\{closure}('select * from `...', Array)
#3 /opt/librenms/vendor/laravel/framework/src/Illuminate/Database/Connection.php(624): Illuminate\Database\Connection->runQueryCallback('select * from `...', Array, Object(Closure))
#4 /opt/librenms/vendor/laravel/framework/src/Illuminate/Database/Connection.php(333): Illuminate\Database\Connection->run('select * from `...', Array, Object(Closure))
#5 /opt/librenms/vendor/laravel/framework/src/Illuminate/Database/Query/Builder.php(2130): Illuminate\Database\Connection->select('select * from `...', Array, true)
#6 /opt/librenms/vendor/laravel/framework/src/Illuminate/Database/Query/Builder.php(2118): Illuminate\Database\Query\Builder->runSelect()
#7 /opt/librenms/vendor/laravel/framework/src/Illuminate/Database/Query/Builder.php(2604): Illuminate\Database\Query\Builder->Illuminate\Database\Query\{closure}()
#8 /opt/librenms/vendor/laravel/framework/src/Illuminate/Database/Query/Builder.php(2119): Illuminate\Database\Query\Builder->onceWithColumns(Array, Object(Closure))
#9 /opt/librenms/vendor/laravel/framework/src/Illuminate/Database/Eloquent/Builder.php(521): Illuminate\Database\Query\Builder->get(Array)
#10 /opt/librenms/vendor/laravel/framework/src/Illuminate/Database/Eloquent/Builder.php(505): Illuminate\Database\Eloquent\Builder->getModels(Array)
#11 /opt/librenms/vendor/laravel/framework/src/Illuminate/Database/Concerns/BuildsQueries.php(77): Illuminate\Database\Eloquent\Builder->get(Array)
#12 /opt/librenms/vendor/laravel/framework/src/Illuminate/Database/Eloquent/Builder.php(401): Illuminate\Database\Eloquent\Builder->first()
#13 /opt/librenms/vendor/laravel/framework/src/Illuminate/Database/Eloquent/Builder.php(435): Illuminate\Database\Eloquent\Builder->firstOrNew(Array)
#14 /opt/librenms/vendor/laravel/framework/src/Illuminate/Support/Traits/ForwardsCalls.php(23): Illuminate\Database\Eloquent\Builder->updateOrCreate(Array, Array)
#15 /opt/librenms/vendor/laravel/framework/src/Illuminate/Database/Eloquent/Model.php(1618): Illuminate\Database\Eloquent\Model->forwardCallTo(Object(Illuminate\Database\Eloquent\Builder), 'updateOrCreate', Array)
#16 /opt/librenms/vendor/laravel/framework/src/Illuminate/Database/Eloquent/Model.php(1630): Illuminate\Database\Eloquent\Model->__call('updateOrCreate', Array)
#17 /opt/librenms/LibreNMS/Config.php(253): Illuminate\Database\Eloquent\Model::__callStatic('updateOrCreate', Array)
#18 /opt/librenms/LibreNMS/Config.php(447): LibreNMS\Config::persist('traceroute6', '/usr/bin/tracer...')
#19 /opt/librenms/LibreNMS/Config.php(57): LibreNMS\Config::processConfig()
#20 [internal function]: LibreNMS\Config::load(Object(App\Application))
#21 /opt/librenms/vendor/laravel/framework/src/Illuminate/Foundation/Application.php(866): call_user_func('\\LibreNMS\\Confi...', Object(App\Application))
#22 /opt/librenms/vendor/laravel/framework/src/Illuminate/Foundation/Application.php(815): Illuminate\Foundation\Application->fireAppCallbacks(Array)
#23 /opt/librenms/vendor/laravel/framework/src/Illuminate/Foundation/Bootstrap/BootProviders.php(17): Illuminate\Foundation\Application->boot()
#24 /opt/librenms/vendor/laravel/framework/src/Illuminate/Foundation/Application.php(210): Illuminate\Foundation\Bootstrap\BootProviders->bootstrap(Object(App\Application))
#25 /opt/librenms/vendor/laravel/framework/src/Illuminate/Foundation/Console/Kernel.php(322): Illuminate\Foundation\Application->bootstrapWith(Array)
#26 /opt/librenms/LibreNMS/Util/Laravel.php(46): Illuminate\Foundation\Console\Kernel->bootstrap()
#27 /opt/librenms/includes/init.php(96): LibreNMS\Util\Laravel::bootCli()
#28 /opt/librenms/build-base.php(47): require('/opt/librenms/i...')
#29 {main}

Next Doctrine\DBAL\Driver\PDOException: SQLSTATE[42S02]: Base table or view not found: 1146 Table 'librenms.config' doesn't exist in /opt/librenms/vendor/doctrine/dbal/lib/Doctrine/DBAL/Driver/PDOConnection.php:63
Stack trace:
#0 /opt/librenms/vendor/laravel/framework/src/Illuminate/Database/Connection.php(326): Doctrine\DBAL\Driver\PDOConnection->prepare('select * from `...')
#1 /opt/librenms/vendor/laravel/framework/src/Illuminate/Database/Connection.php(657): Illuminate\Database\Connection->Illuminate\Database\{closure}('select * from `...', Array)
#2 /opt/librenms/vendor/laravel/framework/src/Illuminate/Database/Connection.php(624): Illuminate\Database\Connection->runQueryCallback('select * from `...', Array, Object(Closure))
#3 /opt/librenms/vendor/laravel/framework/src/Illuminate/Database/Connection.php(333): Illuminate\Database\Connection->run('select * from `...', Array, Object(Closure))
#4 /opt/librenms/vendor/laravel/framework/src/Illuminate/Database/Query/Builder.php(2130): Illuminate\Database\Connection->select('select * from `...', Array, true)
#5 /opt/librenms/vendor/laravel/framework/src/Illuminate/Database/Query/Builder.php(2118): Illuminate\Database\Query\Builder->runSelect()
#6 /opt/librenms/vendor/laravel/framework/src/Illuminate/Database/Query/Builder.php(2604): Illuminate\Database\Query\Builder->Illuminate\Database\Query\{closure}()
#7 /opt/librenms/vendor/laravel/framework/src/Illuminate/Database/Query/Builder.php(2119): Illuminate\Database\Query\Builder->onceWithColumns(Array, Object(Closure))
#8 /opt/librenms/vendor/laravel/framework/src/Illuminate/Database/Eloquent/Builder.php(521): Illuminate\Database\Query\Builder->get(Array)
#9 /opt/librenms/vendor/laravel/framework/src/Illuminate/Database/Eloquent/Builder.php(505): Illuminate\Database\Eloquent\Builder->getModels(Array)
#10 /opt/librenms/vendor/laravel/framework/src/Illuminate/Database/Concerns/BuildsQueries.php(77): Illuminate\Database\Eloquent\Builder->get(Array)
#11 /opt/librenms/vendor/laravel/framework/src/Illuminate/Database/Eloquent/Builder.php(401): Illuminate\Database\Eloquent\Builder->first()
#12 /opt/librenms/vendor/laravel/framework/src/Illuminate/Database/Eloquent/Builder.php(435): Illuminate\Database\Eloquent\Builder->firstOrNew(Array)
#13 /opt/librenms/vendor/laravel/framework/src/Illuminate/Support/Traits/ForwardsCalls.php(23): Illuminate\Database\Eloquent\Builder->updateOrCreate(Array, Array)
#14 /opt/librenms/vendor/laravel/framework/src/Illuminate/Database/Eloquent/Model.php(1618): Illuminate\Database\Eloquent\Model->forwardCallTo(Object(Illuminate\Database\Eloquent\Builder), 'updateOrCreate', Array)
#15 /opt/librenms/vendor/laravel/framework/src/Illuminate/Database/Eloquent/Model.php(1630): Illuminate\Database\Eloquent\Model->__call('updateOrCreate', Array)
#16 /opt/librenms/LibreNMS/Config.php(253): Illuminate\Database\Eloquent\Model::__callStatic('updateOrCreate', Array)
#17 /opt/librenms/LibreNMS/Config.php(447): LibreNMS\Config::persist('traceroute6', '/usr/bin/tracer...')
#18 /opt/librenms/LibreNMS/Config.php(57): LibreNMS\Config::processConfig()
#19 [internal function]: LibreNMS\Config::load(Object(App\Application))
#20 /opt/librenms/vendor/laravel/framework/src/Illuminate/Foundation/Application.php(866): call_user_func('\\LibreNMS\\Confi...', Object(App\Application))
#21 /opt/librenms/vendor/laravel/framework/src/Illuminate/Foundation/Application.php(815): Illuminate\Foundation\Application->fireAppCallbacks(Array)
#22 /opt/librenms/vendor/laravel/framework/src/Illuminate/Foundation/Bootstrap/BootProviders.php(17): Illuminate\Foundation\Application->boot()
#23 /opt/librenms/vendor/laravel/framework/src/Illuminate/Foundation/Application.php(210): Illuminate\Foundation\Bootstrap\BootProviders->bootstrap(Object(App\Application))
#24 /opt/librenms/vendor/laravel/framework/src/Illuminate/Foundation/Console/Kernel.php(322): Illuminate\Foundation\Application->bootstrapWith(Array)
#25 /opt/librenms/LibreNMS/Util/Laravel.php(46): Illuminate\Foundation\Console\Kernel->bootstrap()
#26 /opt/librenms/includes/init.php(96): LibreNMS\Util\Laravel::bootCli()
#27 /opt/librenms/build-base.php(47): require('/opt/librenms/i...')
#28 {main}

Next Illuminate\Database\QueryException: SQLSTATE[42S02]: Base table or view not found: 1146 Table 'librenms.config' doesn't exist (SQL: select * from `config` where (`config_name` = traceroute6) limit 1) in /opt/librenms/vendor/laravel/framework/src/Illuminate/Database/Connection.php:664
Stack trace:
#0 /opt/librenms/vendor/laravel/framework/src/Illuminate/Database/Connection.php(624): Illuminate\Database\Connection->runQueryCallback('select * from `...', Array, Object(Closure))
#1 /opt/librenms/vendor/laravel/framework/src/Illuminate/Database/Connection.php(333): Illuminate\Database\Connection->run('select * from `...', Array, Object(Closure))
#2 /opt/librenms/vendor/laravel/framework/src/Illuminate/Database/Query/Builder.php(2130): Illuminate\Database\Connection->select('select * from `...', Array, true)
#3 /opt/librenms/vendor/laravel/framework/src/Illuminate/Database/Query/Builder.php(2118): Illuminate\Database\Query\Builder->runSelect()
#4 /opt/librenms/vendor/laravel/framework/src/Illuminate/Database/Query/Builder.php(2604): Illuminate\Database\Query\Builder->Illuminate\Database\Query\{closure}()
#5 /opt/librenms/vendor/laravel/framework/src/Illuminate/Database/Query/Builder.php(2119): Illuminate\Database\Query\Builder->onceWithColumns(Array, Object(Closure))
#6 /opt/librenms/vendor/laravel/framework/src/Illuminate/Database/Eloquent/Builder.php(521): Illuminate\Database\Query\Builder->get(Array)
#7 /opt/librenms/vendor/laravel/framework/src/Illuminate/Database/Eloquent/Builder.php(505): Illuminate\Database\Eloquent\Builder->getModels(Array)
#8 /opt/librenms/vendor/laravel/framework/src/Illuminate/Database/Concerns/BuildsQueries.php(77): Illuminate\Database\Eloquent\Builder->get(Array)
#9 /opt/librenms/vendor/laravel/framework/src/Illuminate/Database/Eloquent/Builder.php(401): Illuminate\Database\Eloquent\Builder->first()
#10 /opt/librenms/vendor/laravel/framework/src/Illuminate/Database/Eloquent/Builder.php(435): Illuminate\Database\Eloquent\Builder->firstOrNew(Array)
#11 /opt/librenms/vendor/laravel/framework/src/Illuminate/Support/Traits/ForwardsCalls.php(23): Illuminate\Database\Eloquent\Builder->updateOrCreate(Array, Array)
#12 /opt/librenms/vendor/laravel/framework/src/Illuminate/Database/Eloquent/Model.php(1618): Illuminate\Database\Eloquent\Model->forwardCallTo(Object(Illuminate\Database\Eloquent\Builder), 'updateOrCreate', Array)
#13 /opt/librenms/vendor/laravel/framework/src/Illuminate/Database/Eloquent/Model.php(1630): Illuminate\Database\Eloquent\Model->__call('updateOrCreate', Array)
#14 /opt/librenms/LibreNMS/Config.php(253): Illuminate\Database\Eloquent\Model::__callStatic('updateOrCreate', Array)
#15 /opt/librenms/LibreNMS/Config.php(447): LibreNMS\Config::persist('traceroute6', '/usr/bin/tracer...')
#16 /opt/librenms/LibreNMS/Config.php(57): LibreNMS\Config::processConfig()
#17 [internal function]: LibreNMS\Config::load(Object(App\Application))
#18 /opt/librenms/vendor/laravel/framework/src/Illuminate/Foundation/Application.php(866): call_user_func('\\LibreNMS\\Confi...', Object(App\Application))
#19 /opt/librenms/vendor/laravel/framework/src/Illuminate/Foundation/Application.php(815): Illuminate\Foundation\Application->fireAppCallbacks(Array)
#20 /opt/librenms/vendor/laravel/framework/src/Illuminate/Foundation/Bootstrap/BootProviders.php(17): Illuminate\Foundation\Application->boot()
#21 /opt/librenms/vendor/laravel/framework/src/Illuminate/Foundation/Application.php(210): Illuminate\Foundation\Bootstrap\BootProviders->bootstrap(Object(App\Application))
#22 /opt/librenms/vendor/laravel/framework/src/Illuminate/Foundation/Console/Kernel.php(322): Illuminate\Foundation\Application->bootstrapWith(Array)
#23 /opt/librenms/LibreNMS/Util/Laravel.php(46): Illuminate\Foundation\Console\Kernel->bootstrap()
#24 /opt/librenms/includes/init.php(96): LibreNMS\Util\Laravel::bootCli()
#25 /opt/librenms/build-base.php(47): require('/opt/librenms/i...')
#26 {main}  
